This file contains any messages produced by compilers while
running configure, to aid debugging if configure makes a mistake.

It was created by configure, which was
generated by GNU Autoconf 2.69.  Invocation command line was

  $ ./configure 

## --------- ##
## Platform. ##
## --------- ##

hostname = sid-MS-7817
uname -m = x86_64
uname -r = 5.0.0-20-generic
uname -s = Linux
uname -v = #21-Ubuntu SMP Mon Jun 24 09:32:09 UTC 2019

/usr/bin/uname -p = x86_64
/bin/uname -X     = unknown

/bin/arch              = x86_64
/usr/bin/arch -k       = unknown
/usr/convex/getsysinfo = unknown
/usr/bin/hostinfo      = unknown
/bin/machine           = unknown
/usr/bin/oslevel       = unknown
/bin/universe          = unknown

PATH: /home/sid/.cargo/bin
PATH: /home/sid/.local/bin
PATH: /home/sid/.nix-profile/bin
PATH: /nix/var/nix/profiles/default/bin
PATH: /usr/local/sbin
PATH: /usr/local/bin
PATH: /usr/sbin
PATH: /usr/bin
PATH: /sbin
PATH: /bin
PATH: /usr/games
PATH: /usr/local/games
PATH: /snap/bin


## ----------- ##
## Core tests. ##
## ----------- ##

configure:2503: checking whether to enable maintainer-specific portions of Makefiles
configure:2512: result: yes
configure:2559: checking build system type
configure:2573: result: x86_64-pc-linux-gnu
configure:2593: checking host system type
configure:2606: result: x86_64-pc-linux-gnu
configure:2686: checking for a BSD-compatible install
configure:2754: result: /usr/bin/install -c
configure:2765: checking whether build environment is sane
configure:2820: result: yes
configure:2969: checking for a thread-safe mkdir -p
configure:3008: result: /usr/bin/mkdir -p
configure:3015: checking for gawk
configure:3045: result: no
configure:3015: checking for mawk
configure:3031: found /usr/bin/mawk
configure:3042: result: mawk
configure:3053: checking whether make sets $(MAKE)
configure:3075: result: yes
configure:3104: checking whether make supports nested variables
configure:3121: result: yes
configure:3263: checking whether make supports nested variables
configure:3280: result: yes
configure:3340: checking for gcc
configure:3356: found /usr/bin/gcc
configure:3367: result: gcc
configure:3596: checking for C compiler version
configure:3605: gcc --version >&5
gcc (Ubuntu 8.3.0-6ubuntu1) 8.3.0
Copyright (C) 2018 Free Software Foundation, Inc.
This is free software; see the source for copying conditions.  There is NO
warranty; not even for MERCHANTABILITY or FITNESS FOR A PARTICULAR PURPOSE.

configure:3616: $? = 0
configure:3605: gcc -v >&5
Using built-in specs.
COLLECT_GCC=gcc
COLLECT_LTO_WRAPPER=/usr/lib/gcc/x86_64-linux-gnu/8/lto-wrapper
OFFLOAD_TARGET_NAMES=nvptx-none
OFFLOAD_TARGET_DEFAULT=1
Target: x86_64-linux-gnu
Configured with: ../src/configure -v --with-pkgversion='Ubuntu 8.3.0-6ubuntu1' --with-bugurl=file:///usr/share/doc/gcc-8/README.Bugs --enable-languages=c,ada,c++,go,brig,d,fortran,objc,obj-c++ --prefix=/usr --with-gcc-major-version-only --program-suffix=-8 --program-prefix=x86_64-linux-gnu- --enable-shared --enable-linker-build-id --libexecdir=/usr/lib --without-included-gettext --enable-threads=posix --libdir=/usr/lib --enable-nls --enable-bootstrap --enable-clocale=gnu --enable-libstdcxx-debug --enable-libstdcxx-time=yes --with-default-libstdcxx-abi=new --enable-gnu-unique-object --disable-vtable-verify --enable-libmpx --enable-plugin --enable-default-pie --with-system-zlib --with-target-system-zlib --enable-objc-gc=auto --enable-multiarch --disable-werror --with-arch-32=i686 --with-abi=m64 --with-multilib-list=m32,m64,mx32 --enable-multilib --with-tune=generic --enable-offload-targets=nvptx-none --without-cuda-driver --enable-checking=release --build=x86_64-linux-gnu --host=x86_64-linux-gnu --target=x86_64-linux-gnu
Thread model: posix
gcc version 8.3.0 (Ubuntu 8.3.0-6ubuntu1) 
configure:3616: $? = 0
configure:3605: gcc -V >&5
gcc: error: unrecognized command line option '-V'
gcc: fatal error: no input files
compilation terminated.
configure:3616: $? = 1
configure:3605: gcc -qversion >&5
gcc: error: unrecognized command line option '-qversion'; did you mean '--version'?
gcc: fatal error: no input files
compilation terminated.
configure:3616: $? = 1
configure:3636: checking whether the C compiler works
configure:3658: gcc    conftest.c  >&5
configure:3662: $? = 0
configure:3710: result: yes
configure:3713: checking for C compiler default output file name
configure:3715: result: a.out
configure:3721: checking for suffix of executables
configure:3728: gcc -o conftest    conftest.c  >&5
configure:3732: $? = 0
configure:3754: result: 
configure:3776: checking whether we are cross compiling
configure:3784: gcc -o conftest    conftest.c  >&5
configure:3788: $? = 0
configure:3795: ./conftest
configure:3799: $? = 0
configure:3787: result: no
configure:3792: checking for suffix of object files
configure:3814: gcc -c   conftest.c >&5
configure:3818: $? = 0
configure:3839: result: o
configure:3843: checking whether we are using the GNU C compiler
configure:3862: gcc -c   conftest.c >&5
configure:3862: $? = 0
configure:3871: result: yes
configure:3880: checking whether gcc accepts -g
configure:3900: gcc -c -g  conftest.c >&5
configure:3900: $? = 0
configure:3941: result: yes
configure:3958: checking for gcc option to accept ISO C89
configure:4021: gcc  -c -g -O2  conftest.c >&5
configure:4021: $? = 0
configure:4034: result: none needed
configure:4059: checking whether gcc understands -c and -o together
configure:4081: gcc -c conftest.c -o conftest2.o
configure:4084: $? = 0
configure:4081: gcc -c conftest.c -o conftest2.o
configure:4084: $? = 0
configure:4096: result: yes
configure:4124: checking for style of include used by make
configure:4152: result: GNU
configure:4178: checking dependency style of gcc
configure:4289: result: gcc3
configure:4305: checking whether ln -s works
configure:4309: result: yes
configure:4322: checking how to run the C preprocessor
configure:4353: gcc -E  conftest.c
configure:4353: $? = 0
configure:4367: gcc -E  conftest.c
conftest.c:11:10: fatal error: ac_nonexistent.h: No such file or directory
 #include <ac_nonexistent.h>
          ^~~~~~~~~~~~~~~~~~
compilation terminated.
configure:4367: $? = 1
configure: failed program was:
| /* confdefs.h */
| #define PACKAGE_NAME ""
| #define PACKAGE_TARNAME ""
| #define PACKAGE_VERSION ""
| #define PACKAGE_STRING ""
| #define PACKAGE_BUGREPORT ""
| #define PACKAGE_URL ""
| #define PACKAGE "libxml2"
| #define VERSION "2.9.9"
| /* end confdefs.h.  */
| #include <ac_nonexistent.h>
configure:4392: result: gcc -E
configure:4412: gcc -E  conftest.c
configure:4412: $? = 0
configure:4426: gcc -E  conftest.c
conftest.c:11:10: fatal error: ac_nonexistent.h: No such file or directory
 #include <ac_nonexistent.h>
          ^~~~~~~~~~~~~~~~~~
compilation terminated.
configure:4426: $? = 1
configure: failed program was:
| /* confdefs.h */
| #define PACKAGE_NAME ""
| #define PACKAGE_TARNAME ""
| #define PACKAGE_VERSION ""
| #define PACKAGE_STRING ""
| #define PACKAGE_BUGREPORT ""
| #define PACKAGE_URL ""
| #define PACKAGE "libxml2"
| #define VERSION "2.9.9"
| /* end confdefs.h.  */
| #include <ac_nonexistent.h>
configure:4456: checking for mv
configure:4474: found /usr/bin/mv
configure:4487: result: /usr/bin/mv
configure:4497: checking for tar
configure:4515: found /usr/bin/tar
configure:4528: result: /usr/bin/tar
configure:4538: checking for perl
configure:4556: found /usr/bin/perl
configure:4569: result: /usr/bin/perl
configure:4579: checking for wget
configure:4597: found /usr/bin/wget
configure:4610: result: /usr/bin/wget
configure:4620: checking for xmllint
configure:4651: result: /usr/bin/xmllint
configure:4661: checking for xsltproc
configure:4692: result: /usr/bin/xsltproc
configure:4754: checking for pkg-config
configure:4787: result: no
configure:4867: checking how to print strings
configure:4894: result: printf
configure:4915: checking for a sed that does not truncate output
configure:4979: result: /usr/bin/sed
configure:4997: checking for grep that handles long lines and -e
configure:5055: result: /usr/bin/grep
configure:5060: checking for egrep
configure:5122: result: /usr/bin/grep -E
configure:5127: checking for fgrep
configure:5189: result: /usr/bin/grep -F
configure:5224: checking for ld used by gcc
configure:5291: result: /usr/bin/ld
configure:5298: checking if the linker (/usr/bin/ld) is GNU ld
configure:5313: result: yes
configure:5325: checking for BSD- or MS-compatible name lister (nm)
configure:5379: result: /usr/bin/nm -B
configure:5509: checking the name lister (/usr/bin/nm -B) interface
configure:5516: gcc -c -g -O2  conftest.c >&5
configure:5519: /usr/bin/nm -B "conftest.o"
configure:5522: output
0000000000000000 B some_variable
configure:5523: result: BSD nm
configure:5527: checking the maximum length of command line arguments
configure:5658: result: 1572864
configure:5706: checking how to convert x86_64-pc-linux-gnu file names to x86_64-pc-linux-gnu format
configure:5746: result: func_convert_file_noop
configure:5753: checking how to convert x86_64-pc-linux-gnu file names to toolchain format
configure:5773: result: func_convert_file_noop
configure:5780: checking for /usr/bin/ld option to reload object files
configure:5787: result: -r
configure:5861: checking for objdump
configure:5877: found /usr/bin/objdump
configure:5888: result: objdump
configure:5920: checking how to recognize dependent libraries
configure:6120: result: pass_all
configure:6205: checking for dlltool
configure:6235: result: no
configure:6265: checking how to associate runtime and link libraries
configure:6292: result: printf %s\n
configure:6353: checking for ar
configure:6369: found /usr/bin/ar
configure:6380: result: ar
configure:6417: checking for archiver @FILE support
configure:6434: gcc -c -g -O2  conftest.c >&5
configure:6434: $? = 0
configure:6437: ar cru libconftest.a @conftest.lst >&5
ar: `u' modifier ignored since `D' is the default (see `U')
configure:6440: $? = 0
configure:6445: ar cru libconftest.a @conftest.lst >&5
ar: `u' modifier ignored since `D' is the default (see `U')
ar: conftest.o: No such file or directory
configure:6448: $? = 1
configure:6447: result: @
configure:6505: checking for strip
configure:6521: found /usr/bin/strip
configure:6532: result: strip
configure:6604: checking for ranlib
configure:6620: found /usr/bin/ranlib
configure:6631: result: ranlib
configure:6733: checking command to parse /usr/bin/nm -B output from gcc object
configure:6886: gcc -c -g -O2  conftest.c >&5
configure:6889: $? = 0
configure:6893: /usr/bin/nm -B conftest.o \| sed -n -e 's/^.*[ ]\([ABCDGIRSTW][ABCDGIRSTW]*\)[ ][ ]*\([_A-Za-z][_A-Za-z0-9]*\)$/\1 \2 \2/p' | sed '/ __gnu_lto/d' \> conftest.nm
configure:6896: $? = 0
configure:6962: gcc -o conftest -g -O2   conftest.c conftstm.o >&5
configure:6965: $? = 0
configure:7003: result: ok
configure:7050: checking for sysroot
configure:7080: result: no
configure:7087: checking for a working dd
configure:7125: result: /usr/bin/dd
configure:7129: checking how to truncate binary pipes
configure:7144: result: /usr/bin/dd bs=4096 count=1
configure:7280: gcc -c -g -O2  conftest.c >&5
configure:7283: $? = 0
configure:7473: checking for mt
configure:7489: found /usr/bin/mt
configure:7500: result: mt
configure:7523: checking if mt is a manifest tool
configure:7529: mt '-?'
configure:7537: result: no
configure:8210: checking for ANSI C header files
configure:8230: gcc -c -g -O2  conftest.c >&5
configure:8230: $? = 0
configure:8303: gcc -o conftest -g -O2   conftest.c  >&5
configure:8303: $? = 0
configure:8303: ./conftest
configure:8303: $? = 0
configure:8314: result: yes
configure:8327: checking for sys/types.h
configure:8327: gcc -c -g -O2  conftest.c >&5
configure:8327: $? = 0
configure:8327: result: yes
configure:8327: checking for sys/stat.h
configure:8327: gcc -c -g -O2  conftest.c >&5
configure:8327: $? = 0
configure:8327: result: yes
configure:8327: checking for stdlib.h
configure:8327: gcc -c -g -O2  conftest.c >&5
configure:8327: $? = 0
configure:8327: result: yes
configure:8327: checking for string.h
configure:8327: gcc -c -g -O2  conftest.c >&5
configure:8327: $? = 0
configure:8327: result: yes
configure:8327: checking for memory.h
configure:8327: gcc -c -g -O2  conftest.c >&5
configure:8327: $? = 0
configure:8327: result: yes
configure:8327: checking for strings.h
configure:8327: gcc -c -g -O2  conftest.c >&5
configure:8327: $? = 0
configure:8327: result: yes
configure:8327: checking for inttypes.h
configure:8327: gcc -c -g -O2  conftest.c >&5
configure:8327: $? = 0
configure:8327: result: yes
configure:8327: checking for stdint.h
configure:8327: gcc -c -g -O2  conftest.c >&5
configure:8327: $? = 0
configure:8327: result: yes
configure:8327: checking for unistd.h
configure:8327: gcc -c -g -O2  conftest.c >&5
configure:8327: $? = 0
configure:8327: result: yes
configure:8341: checking for dlfcn.h
configure:8341: gcc -c -g -O2  conftest.c >&5
configure:8341: $? = 0
configure:8341: result: yes
configure:8597: checking for objdir
configure:8612: result: .libs
configure:8876: checking if gcc supports -fno-rtti -fno-exceptions
configure:8894: gcc -c -g -O2  -fno-rtti -fno-exceptions conftest.c >&5
cc1: warning: command line option '-fno-rtti' is valid for C++/ObjC++ but not for C
configure:8898: $? = 0
configure:8911: result: no
configure:9269: checking for gcc option to produce PIC
configure:9276: result: -fPIC -DPIC
configure:9284: checking if gcc PIC flag -fPIC -DPIC works
configure:9302: gcc -c -g -O2  -fPIC -DPIC -DPIC conftest.c >&5
configure:9306: $? = 0
configure:9319: result: yes
configure:9348: checking if gcc static flag -static works
configure:9376: result: yes
configure:9391: checking if gcc supports -c -o file.o
configure:9412: gcc -c -g -O2  -o out/conftest2.o conftest.c >&5
configure:9416: $? = 0
configure:9438: result: yes
configure:9446: checking if gcc supports -c -o file.o
configure:9493: result: yes
configure:9526: checking whether the gcc linker (/usr/bin/ld -m elf_x86_64) supports shared libraries
configure:10785: result: yes
configure:10822: checking whether -lc should be explicitly linked in
configure:10830: gcc -c -g -O2  conftest.c >&5
configure:10833: $? = 0
configure:10848: gcc -shared  -fPIC -DPIC conftest.o  -v -Wl,-soname -Wl,conftest -o conftest 2\>\&1 \| /usr/bin/grep  -lc  \>/dev/null 2\>\&1
configure:10851: $? = 0
configure:10865: result: no
configure:11025: checking dynamic linker characteristics
configure:11606: gcc -o conftest -g -O2   -Wl,-rpath -Wl,/foo conftest.c  >&5
configure:11606: $? = 0
configure:11846: result: GNU/Linux ld.so
configure:11968: checking how to hardcode library paths into programs
configure:11993: result: immediate
configure:12541: checking whether stripping libraries is possible
configure:12546: result: yes
configure:12581: checking if libtool supports shared libraries
configure:12583: result: yes
configure:12586: checking whether to build shared libraries
configure:12611: result: yes
configure:12614: checking whether to build static libraries
configure:12618: result: yes
configure:9929: checking for Z
configure:9988: result: no
configure:10003: checking zlib.h usability
configure:10003: gcc -c -g -O2  conftest.c >&5
conftest.c:56:10: fatal error: zlib.h: No such file or directory
 #include <zlib.h>
          ^~~~~~~~
compilation terminated.
configure:10003: $? = 1
configure: failed program was:
| /* confdefs.h */
| #define PACKAGE_NAME ""
| #define PACKAGE_TARNAME ""
| #define PACKAGE_VERSION ""
| #define PACKAGE_STRING ""
| #define PACKAGE_BUGREPORT ""
| #define PACKAGE_URL ""
| #define PACKAGE "libxml2"
| #define VERSION "2.9.9"
| #define STDC_HEADERS 1
| #define HAVE_SYS_TYPES_H 1
| #define HAVE_SYS_STAT_H 1
| #define HAVE_STDLIB_H 1
| #define HAVE_STRING_H 1
| #define HAVE_MEMORY_H 1
| #define HAVE_STRINGS_H 1
| #define HAVE_INTTYPES_H 1
| #define HAVE_STDINT_H 1
| #define HAVE_UNISTD_H 1
| #define HAVE_DLFCN_H 1
| #define LT_OBJDIR ".libs/"
| /* end confdefs.h.  */
| #include <stdio.h>
| #ifdef HAVE_SYS_TYPES_H
| # include <sys/types.h>
| #endif
| #ifdef HAVE_SYS_STAT_H
| # include <sys/stat.h>
| #endif
| #ifdef STDC_HEADERS
| # include <stdlib.h>
| # include <stddef.h>
| #else
| # ifdef HAVE_STDLIB_H
| #  include <stdlib.h>
| # endif
| #endif
| #ifdef HAVE_STRING_H
| # if !defined STDC_HEADERS && defined HAVE_MEMORY_H
| #  include <memory.h>
| # endif
| # include <string.h>
| #endif
| #ifdef HAVE_STRINGS_H
| # include <strings.h>
| #endif
| #ifdef HAVE_INTTYPES_H
| # include <inttypes.h>
| #endif
| #ifdef HAVE_STDINT_H
| # include <stdint.h>
| #endif
| #ifdef HAVE_UNISTD_H
| # include <unistd.h>
| #endif
| #include <zlib.h>
configure:10003: result: no
configure:10003: checking zlib.h presence
configure:10003: gcc -E  conftest.c
conftest.c:23:10: fatal error: zlib.h: No such file or directory
 #include <zlib.h>
          ^~~~~~~~
compilation terminated.
configure:10003: $? = 1
configure: failed program was:
| /* confdefs.h */
| #define PACKAGE_NAME ""
| #define PACKAGE_TARNAME ""
| #define PACKAGE_VERSION ""
| #define PACKAGE_STRING ""
| #define PACKAGE_BUGREPORT ""
| #define PACKAGE_URL ""
| #define PACKAGE "libxml2"
| #define VERSION "2.9.9"
| #define STDC_HEADERS 1
| #define HAVE_SYS_TYPES_H 1
| #define HAVE_SYS_STAT_H 1
| #define HAVE_STDLIB_H 1
| #define HAVE_STRING_H 1
| #define HAVE_MEMORY_H 1
| #define HAVE_STRINGS_H 1
| #define HAVE_INTTYPES_H 1
| #define HAVE_STDINT_H 1
| #define HAVE_UNISTD_H 1
| #define HAVE_DLFCN_H 1
| #define LT_OBJDIR ".libs/"
| /* end confdefs.h.  */
| #include <zlib.h>
configure:10003: result: no
configure:10003: checking for zlib.h
configure:10003: result: no
configure:10084: checking for LZMA
configure:10143: result: no
configure:10161: checking lzma.h usability
configure:10161: gcc -c -g -O2  conftest.c >&5
conftest.c:56:10: fatal error: lzma.h: No such file or directory
 #include <lzma.h>
          ^~~~~~~~
compilation terminated.
configure:10161: $? = 1
configure: failed program was:
| /* confdefs.h */
| #define PACKAGE_NAME ""
| #define PACKAGE_TARNAME ""
| #define PACKAGE_VERSION ""
| #define PACKAGE_STRING ""
| #define PACKAGE_BUGREPORT ""
| #define PACKAGE_URL ""
| #define PACKAGE "libxml2"
| #define VERSION "2.9.9"
| #define STDC_HEADERS 1
| #define HAVE_SYS_TYPES_H 1
| #define HAVE_SYS_STAT_H 1
| #define HAVE_STDLIB_H 1
| #define HAVE_STRING_H 1
| #define HAVE_MEMORY_H 1
| #define HAVE_STRINGS_H 1
| #define HAVE_INTTYPES_H 1
| #define HAVE_STDINT_H 1
| #define HAVE_UNISTD_H 1
| #define HAVE_DLFCN_H 1
| #define LT_OBJDIR ".libs/"
| /* end confdefs.h.  */
| #include <stdio.h>
| #ifdef HAVE_SYS_TYPES_H
| # include <sys/types.h>
| #endif
| #ifdef HAVE_SYS_STAT_H
| # include <sys/stat.h>
| #endif
| #ifdef STDC_HEADERS
| # include <stdlib.h>
| # include <stddef.h>
| #else
| # ifdef HAVE_STDLIB_H
| #  include <stdlib.h>
| # endif
| #endif
| #ifdef HAVE_STRING_H
| # if !defined STDC_HEADERS && defined HAVE_MEMORY_H
| #  include <memory.h>
| # endif
| # include <string.h>
| #endif
| #ifdef HAVE_STRINGS_H
| # include <strings.h>
| #endif
| #ifdef HAVE_INTTYPES_H
| # include <inttypes.h>
| #endif
| #ifdef HAVE_STDINT_H
| # include <stdint.h>
| #endif
| #ifdef HAVE_UNISTD_H
| # include <unistd.h>
| #endif
| #include <lzma.h>
configure:10161: result: no
configure:10161: checking lzma.h presence
configure:10161: gcc -E  conftest.c
conftest.c:23:10: fatal error: lzma.h: No such file or directory
 #include <lzma.h>
          ^~~~~~~~
compilation terminated.
configure:10161: $? = 1
configure: failed program was:
| /* confdefs.h */
| #define PACKAGE_NAME ""
| #define PACKAGE_TARNAME ""
| #define PACKAGE_VERSION ""
| #define PACKAGE_STRING ""
| #define PACKAGE_BUGREPORT ""
| #define PACKAGE_URL ""
| #define PACKAGE "libxml2"
| #define VERSION "2.9.9"
| #define STDC_HEADERS 1
| #define HAVE_SYS_TYPES_H 1
| #define HAVE_SYS_STAT_H 1
| #define HAVE_STDLIB_H 1
| #define HAVE_STRING_H 1
| #define HAVE_MEMORY_H 1
| #define HAVE_STRINGS_H 1
| #define HAVE_INTTYPES_H 1
| #define HAVE_STDINT_H 1
| #define HAVE_UNISTD_H 1
| #define HAVE_DLFCN_H 1
| #define LT_OBJDIR ".libs/"
| /* end confdefs.h.  */
| #include <lzma.h>
configure:10161: result: no
configure:10161: checking for lzma.h
configure:10161: result: no
configure:10233: checking for dirent.h that defines DIR
configure:10252: gcc -c -g -O2  conftest.c >&5
configure:10252: $? = 0
configure:10260: result: yes
configure:10273: checking for library containing opendir
configure:10304: gcc -o conftest -g -O2   conftest.c  >&5
configure:10304: $? = 0
configure:10321: result: none required
configure:10388: checking for ANSI C header files
configure:10492: result: yes
configure:10502: checking fcntl.h usability
configure:10502: gcc -c -g -O2  conftest.c >&5
configure:10502: $? = 0
configure:10502: result: yes
configure:10502: checking fcntl.h presence
configure:10502: gcc -E  conftest.c
configure:10502: $? = 0
configure:10502: result: yes
configure:10502: checking for fcntl.h
configure:10502: result: yes
configure:10514: checking for unistd.h
configure:10514: result: yes
configure:10526: checking ctype.h usability
configure:10526: gcc -c -g -O2  conftest.c >&5
configure:10526: $? = 0
configure:10526: result: yes
configure:10526: checking ctype.h presence
configure:10526: gcc -E  conftest.c
configure:10526: $? = 0
configure:10526: result: yes
configure:10526: checking for ctype.h
configure:10526: result: yes
configure:10538: checking dirent.h usability
configure:10538: gcc -c -g -O2  conftest.c >&5
configure:10538: $? = 0
configure:10538: result: yes
configure:10538: checking dirent.h presence
configure:10538: gcc -E  conftest.c
configure:10538: $? = 0
configure:10538: result: yes
configure:10538: checking for dirent.h
configure:10538: result: yes
configure:10550: checking errno.h usability
configure:10550: gcc -c -g -O2  conftest.c >&5
configure:10550: $? = 0
configure:10550: result: yes
configure:10550: checking errno.h presence
configure:10550: gcc -E  conftest.c
configure:10550: $? = 0
configure:10550: result: yes
configure:10550: checking for errno.h
configure:10550: result: yes
configure:10562: checking malloc.h usability
configure:10562: gcc -c -g -O2  conftest.c >&5
configure:10562: $? = 0
configure:10562: result: yes
configure:10562: checking malloc.h presence
configure:10562: gcc -E  conftest.c
configure:10562: $? = 0
configure:10562: result: yes
configure:10562: checking for malloc.h
configure:10562: result: yes
configure:10574: checking stdarg.h usability
configure:10574: gcc -c -g -O2  conftest.c >&5
configure:10574: $? = 0
configure:10574: result: yes
configure:10574: checking stdarg.h presence
configure:10574: gcc -E  conftest.c
configure:10574: $? = 0
configure:10574: result: yes
configure:10574: checking for stdarg.h
configure:10574: result: yes
configure:10586: checking for sys/stat.h
configure:10586: result: yes
configure:10598: checking for sys/types.h
configure:10598: result: yes
configure:10610: checking for stdint.h
configure:10610: result: yes
configure:10622: checking for inttypes.h
configure:10622: result: yes
configure:10634: checking time.h usability
configure:10634: gcc -c -g -O2  conftest.c >&5
configure:10634: $? = 0
configure:10634: result: yes
configure:10634: checking time.h presence
configure:10634: gcc -E  conftest.c
configure:10634: $? = 0
configure:10634: result: yes
configure:10634: checking for time.h
configure:10634: result: yes
configure:10646: checking math.h usability
configure:10646: gcc -c -g -O2  conftest.c >&5
configure:10646: $? = 0
configure:10646: result: yes
configure:10646: checking math.h presence
configure:10646: gcc -E  conftest.c
configure:10646: $? = 0
configure:10646: result: yes
configure:10646: checking for math.h
configure:10646: result: yes
configure:10658: checking limits.h usability
configure:10658: gcc -c -g -O2  conftest.c >&5
configure:10658: $? = 0
configure:10658: result: yes
configure:10658: checking limits.h presence
configure:10658: gcc -E  conftest.c
configure:10658: $? = 0
configure:10658: result: yes
configure:10658: checking for limits.h
configure:10658: result: yes
configure:10670: checking float.h usability
configure:10670: gcc -c -g -O2  conftest.c >&5
configure:10670: $? = 0
configure:10670: result: yes
configure:10670: checking float.h presence
configure:10670: gcc -E  conftest.c
configure:10670: $? = 0
configure:10670: result: yes
configure:10670: checking for float.h
configure:10670: result: yes
configure:10682: checking for stdlib.h
configure:10682: result: yes
configure:10694: checking for sys/socket.h
configure:10694: gcc -c -g -O2  conftest.c >&5
configure:10694: $? = 0
configure:10694: result: yes
configure:10710: checking for netinet/in.h
configure:10710: gcc -c -g -O2  conftest.c >&5
configure:10710: $? = 0
configure:10710: result: yes
configure:10726: checking for arpa/inet.h
configure:10726: gcc -c -g -O2  conftest.c >&5
configure:10726: $? = 0
configure:10726: result: yes
configure:10745: checking netdb.h usability
configure:10745: gcc -c -g -O2  conftest.c >&5
configure:10745: $? = 0
configure:10745: result: yes
configure:10745: checking netdb.h presence
configure:10745: gcc -E  conftest.c
configure:10745: $? = 0
configure:10745: result: yes
configure:10745: checking for netdb.h
configure:10745: result: yes
configure:10757: checking sys/time.h usability
configure:10757: gcc -c -g -O2  conftest.c >&5
configure:10757: $? = 0
configure:10757: result: yes
configure:10757: checking sys/time.h presence
configure:10757: gcc -E  conftest.c
configure:10757: $? = 0
configure:10757: result: yes
configure:10757: checking for sys/time.h
configure:10757: result: yes
configure:10769: checking sys/select.h usability
configure:10769: gcc -c -g -O2  conftest.c >&5
configure:10769: $? = 0
configure:10769: result: yes
configure:10769: checking sys/select.h presence
configure:10769: gcc -E  conftest.c
configure:10769: $? = 0
configure:10769: result: yes
configure:10769: checking for sys/select.h
configure:10769: result: yes
configure:10781: checking poll.h usability
configure:10781: gcc -c -g -O2  conftest.c >&5
configure:10781: $? = 0
configure:10781: result: yes
configure:10781: checking poll.h presence
configure:10781: gcc -E  conftest.c
configure:10781: $? = 0
configure:10781: result: yes
configure:10781: checking for poll.h
configure:10781: result: yes
configure:10793: checking sys/mman.h usability
configure:10793: gcc -c -g -O2  conftest.c >&5
configure:10793: $? = 0
configure:10793: result: yes
configure:10793: checking sys/mman.h presence
configure:10793: gcc -E  conftest.c
configure:10793: $? = 0
configure:10793: result: yes
configure:10793: checking for sys/mman.h
configure:10793: result: yes
configure:10805: checking sys/timeb.h usability
configure:10805: gcc -c -g -O2  conftest.c >&5
configure:10805: $? = 0
configure:10805: result: yes
configure:10805: checking sys/timeb.h presence
configure:10805: gcc -E  conftest.c
configure:10805: $? = 0
configure:10805: result: yes
configure:10805: checking for sys/timeb.h
configure:10805: result: yes
configure:10817: checking signal.h usability
configure:10817: gcc -c -g -O2  conftest.c >&5
configure:10817: $? = 0
configure:10817: result: yes
configure:10817: checking signal.h presence
configure:10817: gcc -E  conftest.c
configure:10817: $? = 0
configure:10817: result: yes
configure:10817: checking for signal.h
configure:10817: result: yes
configure:10829: checking for arpa/nameser.h
configure:10829: gcc -c -g -O2  conftest.c >&5
configure:10829: $? = 0
configure:10829: result: yes
configure:10845: checking for resolv.h
configure:10845: gcc -c -g -O2  conftest.c >&5
configure:10845: $? = 0
configure:10845: result: yes
configure:10867: checking dl.h usability
configure:10867: gcc -c -g -O2  conftest.c >&5
conftest.c:86:10: fatal error: dl.h: No such file or directory
 #include <dl.h>
          ^~~~~~
compilation terminated.
configure:10867: $? = 1
configure: failed program was:
| /* confdefs.h */
| #define PACKAGE_NAME ""
| #define PACKAGE_TARNAME ""
| #define PACKAGE_VERSION ""
| #define PACKAGE_STRING ""
| #define PACKAGE_BUGREPORT ""
| #define PACKAGE_URL ""
| #define PACKAGE "libxml2"
| #define VERSION "2.9.9"
| #define STDC_HEADERS 1
| #define HAVE_SYS_TYPES_H 1
| #define HAVE_SYS_STAT_H 1
| #define HAVE_STDLIB_H 1
| #define HAVE_STRING_H 1
| #define HAVE_MEMORY_H 1
| #define HAVE_STRINGS_H 1
| #define HAVE_INTTYPES_H 1
| #define HAVE_STDINT_H 1
| #define HAVE_UNISTD_H 1
| #define HAVE_DLFCN_H 1
| #define LT_OBJDIR ".libs/"
| #define HAVE_DIRENT_H 1
| #define STDC_HEADERS 1
| #define HAVE_FCNTL_H 1
| #define HAVE_UNISTD_H 1
| #define HAVE_CTYPE_H 1
| #define HAVE_DIRENT_H 1
| #define HAVE_ERRNO_H 1
| #define HAVE_MALLOC_H 1
| #define HAVE_STDARG_H 1
| #define HAVE_SYS_STAT_H 1
| #define HAVE_SYS_TYPES_H 1
| #define HAVE_STDINT_H 1
| #define HAVE_INTTYPES_H 1
| #define HAVE_TIME_H 1
| #define HAVE_MATH_H 1
| #define HAVE_LIMITS_H 1
| #define HAVE_FLOAT_H 1
| #define HAVE_STDLIB_H 1
| #define HAVE_SYS_SOCKET_H 1
| #define HAVE_NETINET_IN_H 1
| #define HAVE_ARPA_INET_H 1
| #define HAVE_NETDB_H 1
| #define HAVE_SYS_TIME_H 1
| #define HAVE_SYS_SELECT_H 1
| #define HAVE_POLL_H 1
| #define HAVE_SYS_MMAN_H 1
| #define HAVE_SYS_TIMEB_H 1
| #define HAVE_SIGNAL_H 1
| #define HAVE_ARPA_NAMESER_H 1
| #define HAVE_RESOLV_H 1
| /* end confdefs.h.  */
| #include <stdio.h>
| #ifdef HAVE_SYS_TYPES_H
| # include <sys/types.h>
| #endif
| #ifdef HAVE_SYS_STAT_H
| # include <sys/stat.h>
| #endif
| #ifdef STDC_HEADERS
| # include <stdlib.h>
| # include <stddef.h>
| #else
| # ifdef HAVE_STDLIB_H
| #  include <stdlib.h>
| # endif
| #endif
| #ifdef HAVE_STRING_H
| # if !defined STDC_HEADERS && defined HAVE_MEMORY_H
| #  include <memory.h>
| # endif
| # include <string.h>
| #endif
| #ifdef HAVE_STRINGS_H
| # include <strings.h>
| #endif
| #ifdef HAVE_INTTYPES_H
| # include <inttypes.h>
| #endif
| #ifdef HAVE_STDINT_H
| # include <stdint.h>
| #endif
| #ifdef HAVE_UNISTD_H
| # include <unistd.h>
| #endif
| #include <dl.h>
configure:10867: result: no
configure:10867: checking dl.h presence
configure:10867: gcc -E  conftest.c
conftest.c:53:10: fatal error: dl.h: No such file or directory
 #include <dl.h>
          ^~~~~~
compilation terminated.
configure:10867: $? = 1
configure: failed program was:
| /* confdefs.h */
| #define PACKAGE_NAME ""
| #define PACKAGE_TARNAME ""
| #define PACKAGE_VERSION ""
| #define PACKAGE_STRING ""
| #define PACKAGE_BUGREPORT ""
| #define PACKAGE_URL ""
| #define PACKAGE "libxml2"
| #define VERSION "2.9.9"
| #define STDC_HEADERS 1
| #define HAVE_SYS_TYPES_H 1
| #define HAVE_SYS_STAT_H 1
| #define HAVE_STDLIB_H 1
| #define HAVE_STRING_H 1
| #define HAVE_MEMORY_H 1
| #define HAVE_STRINGS_H 1
| #define HAVE_INTTYPES_H 1
| #define HAVE_STDINT_H 1
| #define HAVE_UNISTD_H 1
| #define HAVE_DLFCN_H 1
| #define LT_OBJDIR ".libs/"
| #define HAVE_DIRENT_H 1
| #define STDC_HEADERS 1
| #define HAVE_FCNTL_H 1
| #define HAVE_UNISTD_H 1
| #define HAVE_CTYPE_H 1
| #define HAVE_DIRENT_H 1
| #define HAVE_ERRNO_H 1
| #define HAVE_MALLOC_H 1
| #define HAVE_STDARG_H 1
| #define HAVE_SYS_STAT_H 1
| #define HAVE_SYS_TYPES_H 1
| #define HAVE_STDINT_H 1
| #define HAVE_INTTYPES_H 1
| #define HAVE_TIME_H 1
| #define HAVE_MATH_H 1
| #define HAVE_LIMITS_H 1
| #define HAVE_FLOAT_H 1
| #define HAVE_STDLIB_H 1
| #define HAVE_SYS_SOCKET_H 1
| #define HAVE_NETINET_IN_H 1
| #define HAVE_ARPA_INET_H 1
| #define HAVE_NETDB_H 1
| #define HAVE_SYS_TIME_H 1
| #define HAVE_SYS_SELECT_H 1
| #define HAVE_POLL_H 1
| #define HAVE_SYS_MMAN_H 1
| #define HAVE_SYS_TIMEB_H 1
| #define HAVE_SIGNAL_H 1
| #define HAVE_ARPA_NAMESER_H 1
| #define HAVE_RESOLV_H 1
| /* end confdefs.h.  */
| #include <dl.h>
configure:10867: result: no
configure:10867: checking for dl.h
configure:10867: result: no
configure:10879: checking for dlfcn.h
configure:10879: result: yes
configure:10893: checking for uint32_t
configure:10893: gcc -c -g -O2  conftest.c >&5
configure:10893: $? = 0
configure:10893: result: yes
configure:10913: checking for strftime
configure:10913: gcc -o conftest -g -O2   conftest.c  >&5
conftest.c:77:6: warning: conflicting types for built-in function 'strftime' [-Wbuiltin-declaration-mismatch]
 char strftime ();
      ^~~~~~~~
configure:10913: $? = 0
configure:10913: result: yes
configure:10969: checking for strftime
configure:10969: result: yes
configure:10969: checking for localtime
configure:10969: gcc -o conftest -g -O2   conftest.c  >&5
configure:10969: $? = 0
configure:10969: result: yes
configure:10969: checking for gettimeofday
configure:10969: gcc -o conftest -g -O2   conftest.c  >&5
configure:10969: $? = 0
configure:10969: result: yes
configure:10969: checking for ftime
configure:10969: gcc -o conftest -g -O2   conftest.c  >&5
configure:10969: $? = 0
configure:10969: result: yes
configure:10981: checking for stat
configure:10981: gcc -o conftest -g -O2   conftest.c  >&5
configure:10981: $? = 0
configure:10981: result: yes
configure:10981: checking for signal
configure:10981: gcc -o conftest -g -O2   conftest.c  >&5
configure:10981: $? = 0
configure:10981: result: yes
configure:10993: checking for rand
configure:10993: gcc -o conftest -g -O2   conftest.c  >&5
configure:10993: $? = 0
configure:10993: result: yes
configure:10993: checking for rand_r
configure:10993: gcc -o conftest -g -O2   conftest.c  >&5
configure:10993: $? = 0
configure:10993: result: yes
configure:10993: checking for srand
configure:10993: gcc -o conftest -g -O2   conftest.c  >&5
configure:10993: $? = 0
configure:10993: result: yes
configure:10993: checking for time
configure:10993: gcc -o conftest -g -O2   conftest.c  >&5
configure:10993: $? = 0
configure:10993: result: yes
configure:11005: checking for isascii
configure:11005: gcc -o conftest -g -O2   conftest.c  >&5
conftest.c:88:6: warning: conflicting types for built-in function 'isascii' [-Wbuiltin-declaration-mismatch]
 char isascii ();
      ^~~~~~~
configure:11005: $? = 0
configure:11005: result: yes
configure:11005: checking for mmap
configure:11005: gcc -o conftest -g -O2   conftest.c  >&5
configure:11005: $? = 0
configure:11005: result: yes
configure:11005: checking for munmap
configure:11005: gcc -o conftest -g -O2   conftest.c  >&5
configure:11005: $? = 0
configure:11005: result: yes
configure:11005: checking for putenv
configure:11005: gcc -o conftest -g -O2   conftest.c  >&5
configure:11005: $? = 0
configure:11005: result: yes
configure:11017: checking for va_copy
configure:11031: gcc -o conftest -g -O2   conftest.c  >&5
configure:11031: $? = 0
configure:11038: result: yes
configure:11075: checking whether va_list is an array type
configure:14351: gcc -c -g -O2  conftest.c >&5
configure: In function 'main':
configure:14347:34: error: cast specifies array type
 
                                  ^
configure: failed program was:
#line 14341 "configure"
#include "confdefs.h"

#include <stdarg.h>
void a(va_list * ap) {}
int main(void) {

va_list ap1, ap2; a(&ap1); ap2 = (va_list) ap1
; return 0; }
configure:11098: result: yes
configure:11106: checking for library containing gethostent
configure:11137: gcc -o conftest -g -O2   conftest.c  >&5
configure:11137: $? = 0
configure:11154: result: none required
configure:11162: checking for library containing setsockopt
configure:11193: gcc -o conftest -g -O2   conftest.c  >&5
configure:11193: $? = 0
configure:11210: result: none required
configure:11218: checking for library containing connect
configure:11249: gcc -o conftest -g -O2   conftest.c  >&5
configure:11249: $? = 0
configure:11266: result: none required
configure:11275: checking for type of socket length (socklen_t)
configure:14552: gcc -c -g -O2  conftest.c >&5
configure:11292: result: socklen_t *
configure:11361: checking for const gethostbyname() argument
configure:11374: gcc -o conftest -g -O2   conftest.c  >&5
configure:11374: $? = 0
configure:11381: result: yes
configure:11393: checking for const send() second argument
configure:11407: gcc -o conftest -g -O2   conftest.c  >&5
configure:11407: $? = 0
configure:11414: result: yes
configure:11427: checking whether to enable IPv6
configure:11459: gcc -c -g -O2  conftest.c >&5
configure:11459: $? = 0
configure:11466: result: yes
configure:11475: checking struct sockaddr::ss_family
configure:11494: gcc -c -g -O2  conftest.c >&5
configure:11494: $? = 0
configure:11501: result: yes
configure:11546: checking for getaddrinfo
configure:11546: gcc -o conftest -g -O2   conftest.c  >&5
configure:11546: $? = 0
configure:11546: result: yes
configure:11607: checking for isnan
configure:11607: gcc -o conftest -g -O2   conftest.c  >&5
conftest.c:99:6: warning: conflicting types for built-in function 'isnan' [-Wbuiltin-declaration-mismatch]
 char isnan ();
      ^~~~~
configure:11607: $? = 0
configure:11607: result: yes
configure:11658: checking for isinf
configure:11658: gcc -o conftest -g -O2   conftest.c  >&5
conftest.c:100:6: warning: conflicting types for built-in function 'isinf' [-Wbuiltin-declaration-mismatch]
 char isinf ();
      ^~~~~
configure:11658: $? = 0
configure:11658: result: yes
configure:11975: checking for shl_load
configure:11975: gcc -o conftest -g -O2   conftest.c  >&5
/usr/bin/ld: /tmp/ccuPYxJl.o: in function `main':
/home/sid/Downloads/libxml2-2.9.9/conftest.c:112: undefined reference to `shl_load'
collect2: error: ld returned 1 exit status
configure:11975: $? = 1
configure: failed program was:
| /* confdefs.h */
| #define PACKAGE_NAME ""
| #define PACKAGE_TARNAME ""
| #define PACKAGE_VERSION ""
| #define PACKAGE_STRING ""
| #define PACKAGE_BUGREPORT ""
| #define PACKAGE_URL ""
| #define PACKAGE "libxml2"
| #define VERSION "2.9.9"
| #define STDC_HEADERS 1
| #define HAVE_SYS_TYPES_H 1
| #define HAVE_SYS_STAT_H 1
| #define HAVE_STDLIB_H 1
| #define HAVE_STRING_H 1
| #define HAVE_MEMORY_H 1
| #define HAVE_STRINGS_H 1
| #define HAVE_INTTYPES_H 1
| #define HAVE_STDINT_H 1
| #define HAVE_UNISTD_H 1
| #define HAVE_DLFCN_H 1
| #define LT_OBJDIR ".libs/"
| #define HAVE_DIRENT_H 1
| #define STDC_HEADERS 1
| #define HAVE_FCNTL_H 1
| #define HAVE_UNISTD_H 1
| #define HAVE_CTYPE_H 1
| #define HAVE_DIRENT_H 1
| #define HAVE_ERRNO_H 1
| #define HAVE_MALLOC_H 1
| #define HAVE_STDARG_H 1
| #define HAVE_SYS_STAT_H 1
| #define HAVE_SYS_TYPES_H 1
| #define HAVE_STDINT_H 1
| #define HAVE_INTTYPES_H 1
| #define HAVE_TIME_H 1
| #define HAVE_MATH_H 1
| #define HAVE_LIMITS_H 1
| #define HAVE_FLOAT_H 1
| #define HAVE_STDLIB_H 1
| #define HAVE_SYS_SOCKET_H 1
| #define HAVE_NETINET_IN_H 1
| #define HAVE_ARPA_INET_H 1
| #define HAVE_NETDB_H 1
| #define HAVE_SYS_TIME_H 1
| #define HAVE_SYS_SELECT_H 1
| #define HAVE_POLL_H 1
| #define HAVE_SYS_MMAN_H 1
| #define HAVE_SYS_TIMEB_H 1
| #define HAVE_SIGNAL_H 1
| #define HAVE_ARPA_NAMESER_H 1
| #define HAVE_RESOLV_H 1
| #define HAVE_DLFCN_H 1
| #define HAVE_STRFTIME 1
| #define HAVE_STRFTIME 1
| #define HAVE_LOCALTIME 1
| #define HAVE_GETTIMEOFDAY 1
| #define HAVE_FTIME 1
| #define HAVE_STAT 1
| #define HAVE_SIGNAL 1
| #define HAVE_RAND 1
| #define HAVE_RAND_R 1
| #define HAVE_SRAND 1
| #define HAVE_TIME 1
| #define HAVE_ISASCII 1
| #define HAVE_MMAP 1
| #define HAVE_MUNMAP 1
| #define HAVE_PUTENV 1
| #define HAVE_VA_COPY 1
| #define VA_LIST_IS_ARRAY 1
| #define XML_SOCKLEN_T socklen_t
| #define GETHOSTBYNAME_ARG_CAST /**/
| #define SEND_ARG2_CAST /**/
| #define SUPPORT_IP6 /**/
| #define HAVE_GETADDRINFO /**/
| #define HAVE_ISNAN /**/
| #define HAVE_ISINF /**/
| /* end confdefs.h.  */
| /* Define shl_load to an innocuous variant, in case <limits.h> declares shl_load.
|    For example, HP-UX 11i <limits.h> declares gettimeofday.  */
| #define shl_load innocuous_shl_load
| 
| /* System header to define __stub macros and hopefully few prototypes,
|     which can conflict with char shl_load (); below.
|     Prefer <limits.h> to <assert.h> if __STDC__ is defined, since
|     <limits.h> exists even on freestanding compilers.  */
| 
| #ifdef __STDC__
| # include <limits.h>
| #else
| # include <assert.h>
| #endif
| 
| #undef shl_load
| 
| /* Override any GCC internal prototype to avoid an error.
|    Use char because int might match the return type of a GCC
|    builtin and then its argument prototype would still apply.  */
| #ifdef __cplusplus
| extern "C"
| #endif
| char shl_load ();
| /* The GNU C library defines this for functions which it implements
|     to always fail with ENOSYS.  Some functions are actually named
|     something starting with __ and the normal name is an alias.  */
| #if defined __stub_shl_load || defined __stub___shl_load
| choke me
| #endif
| 
| int
| main ()
| {
| return shl_load ();
|   ;
|   return 0;
| }
configure:11975: result: no
configure:11980: checking for shl_load in -ldld
configure:12005: gcc -o conftest -g -O2   conftest.c -ldld   >&5
/usr/bin/ld: cannot find -ldld
collect2: error: ld returned 1 exit status
configure:12005: $? = 1
configure: failed program was:
| /* confdefs.h */
| #define PACKAGE_NAME ""
| #define PACKAGE_TARNAME ""
| #define PACKAGE_VERSION ""
| #define PACKAGE_STRING ""
| #define PACKAGE_BUGREPORT ""
| #define PACKAGE_URL ""
| #define PACKAGE "libxml2"
| #define VERSION "2.9.9"
| #define STDC_HEADERS 1
| #define HAVE_SYS_TYPES_H 1
| #define HAVE_SYS_STAT_H 1
| #define HAVE_STDLIB_H 1
| #define HAVE_STRING_H 1
| #define HAVE_MEMORY_H 1
| #define HAVE_STRINGS_H 1
| #define HAVE_INTTYPES_H 1
| #define HAVE_STDINT_H 1
| #define HAVE_UNISTD_H 1
| #define HAVE_DLFCN_H 1
| #define LT_OBJDIR ".libs/"
| #define HAVE_DIRENT_H 1
| #define STDC_HEADERS 1
| #define HAVE_FCNTL_H 1
| #define HAVE_UNISTD_H 1
| #define HAVE_CTYPE_H 1
| #define HAVE_DIRENT_H 1
| #define HAVE_ERRNO_H 1
| #define HAVE_MALLOC_H 1
| #define HAVE_STDARG_H 1
| #define HAVE_SYS_STAT_H 1
| #define HAVE_SYS_TYPES_H 1
| #define HAVE_STDINT_H 1
| #define HAVE_INTTYPES_H 1
| #define HAVE_TIME_H 1
| #define HAVE_MATH_H 1
| #define HAVE_LIMITS_H 1
| #define HAVE_FLOAT_H 1
| #define HAVE_STDLIB_H 1
| #define HAVE_SYS_SOCKET_H 1
| #define HAVE_NETINET_IN_H 1
| #define HAVE_ARPA_INET_H 1
| #define HAVE_NETDB_H 1
| #define HAVE_SYS_TIME_H 1
| #define HAVE_SYS_SELECT_H 1
| #define HAVE_POLL_H 1
| #define HAVE_SYS_MMAN_H 1
| #define HAVE_SYS_TIMEB_H 1
| #define HAVE_SIGNAL_H 1
| #define HAVE_ARPA_NAMESER_H 1
| #define HAVE_RESOLV_H 1
| #define HAVE_DLFCN_H 1
| #define HAVE_STRFTIME 1
| #define HAVE_STRFTIME 1
| #define HAVE_LOCALTIME 1
| #define HAVE_GETTIMEOFDAY 1
| #define HAVE_FTIME 1
| #define HAVE_STAT 1
| #define HAVE_SIGNAL 1
| #define HAVE_RAND 1
| #define HAVE_RAND_R 1
| #define HAVE_SRAND 1
| #define HAVE_TIME 1
| #define HAVE_ISASCII 1
| #define HAVE_MMAP 1
| #define HAVE_MUNMAP 1
| #define HAVE_PUTENV 1
| #define HAVE_VA_COPY 1
| #define VA_LIST_IS_ARRAY 1
| #define XML_SOCKLEN_T socklen_t
| #define GETHOSTBYNAME_ARG_CAST /**/
| #define SEND_ARG2_CAST /**/
| #define SUPPORT_IP6 /**/
| #define HAVE_GETADDRINFO /**/
| #define HAVE_ISNAN /**/
| #define HAVE_ISINF /**/
| /* end confdefs.h.  */
| 
| /* Override any GCC internal prototype to avoid an error.
|    Use char because int might match the return type of a GCC
|    builtin and then its argument prototype would still apply.  */
| #ifdef __cplusplus
| extern "C"
| #endif
| char shl_load ();
| int
| main ()
| {
| return shl_load ();
|   ;
|   return 0;
| }
configure:12014: result: no
configure:12022: checking for dlopen
configure:12022: gcc -o conftest -g -O2   conftest.c  >&5
/usr/bin/ld: /tmp/cc4LKHXC.o: in function `main':
/home/sid/Downloads/libxml2-2.9.9/conftest.c:112: undefined reference to `dlopen'
collect2: error: ld returned 1 exit status
configure:12022: $? = 1
configure: failed program was:
| /* confdefs.h */
| #define PACKAGE_NAME ""
| #define PACKAGE_TARNAME ""
| #define PACKAGE_VERSION ""
| #define PACKAGE_STRING ""
| #define PACKAGE_BUGREPORT ""
| #define PACKAGE_URL ""
| #define PACKAGE "libxml2"
| #define VERSION "2.9.9"
| #define STDC_HEADERS 1
| #define HAVE_SYS_TYPES_H 1
| #define HAVE_SYS_STAT_H 1
| #define HAVE_STDLIB_H 1
| #define HAVE_STRING_H 1
| #define HAVE_MEMORY_H 1
| #define HAVE_STRINGS_H 1
| #define HAVE_INTTYPES_H 1
| #define HAVE_STDINT_H 1
| #define HAVE_UNISTD_H 1
| #define HAVE_DLFCN_H 1
| #define LT_OBJDIR ".libs/"
| #define HAVE_DIRENT_H 1
| #define STDC_HEADERS 1
| #define HAVE_FCNTL_H 1
| #define HAVE_UNISTD_H 1
| #define HAVE_CTYPE_H 1
| #define HAVE_DIRENT_H 1
| #define HAVE_ERRNO_H 1
| #define HAVE_MALLOC_H 1
| #define HAVE_STDARG_H 1
| #define HAVE_SYS_STAT_H 1
| #define HAVE_SYS_TYPES_H 1
| #define HAVE_STDINT_H 1
| #define HAVE_INTTYPES_H 1
| #define HAVE_TIME_H 1
| #define HAVE_MATH_H 1
| #define HAVE_LIMITS_H 1
| #define HAVE_FLOAT_H 1
| #define HAVE_STDLIB_H 1
| #define HAVE_SYS_SOCKET_H 1
| #define HAVE_NETINET_IN_H 1
| #define HAVE_ARPA_INET_H 1
| #define HAVE_NETDB_H 1
| #define HAVE_SYS_TIME_H 1
| #define HAVE_SYS_SELECT_H 1
| #define HAVE_POLL_H 1
| #define HAVE_SYS_MMAN_H 1
| #define HAVE_SYS_TIMEB_H 1
| #define HAVE_SIGNAL_H 1
| #define HAVE_ARPA_NAMESER_H 1
| #define HAVE_RESOLV_H 1
| #define HAVE_DLFCN_H 1
| #define HAVE_STRFTIME 1
| #define HAVE_STRFTIME 1
| #define HAVE_LOCALTIME 1
| #define HAVE_GETTIMEOFDAY 1
| #define HAVE_FTIME 1
| #define HAVE_STAT 1
| #define HAVE_SIGNAL 1
| #define HAVE_RAND 1
| #define HAVE_RAND_R 1
| #define HAVE_SRAND 1
| #define HAVE_TIME 1
| #define HAVE_ISASCII 1
| #define HAVE_MMAP 1
| #define HAVE_MUNMAP 1
| #define HAVE_PUTENV 1
| #define HAVE_VA_COPY 1
| #define VA_LIST_IS_ARRAY 1
| #define XML_SOCKLEN_T socklen_t
| #define GETHOSTBYNAME_ARG_CAST /**/
| #define SEND_ARG2_CAST /**/
| #define SUPPORT_IP6 /**/
| #define HAVE_GETADDRINFO /**/
| #define HAVE_ISNAN /**/
| #define HAVE_ISINF /**/
| /* end confdefs.h.  */
| /* Define dlopen to an innocuous variant, in case <limits.h> declares dlopen.
|    For example, HP-UX 11i <limits.h> declares gettimeofday.  */
| #define dlopen innocuous_dlopen
| 
| /* System header to define __stub macros and hopefully few prototypes,
|     which can conflict with char dlopen (); below.
|     Prefer <limits.h> to <assert.h> if __STDC__ is defined, since
|     <limits.h> exists even on freestanding compilers.  */
| 
| #ifdef __STDC__
| # include <limits.h>
| #else
| # include <assert.h>
| #endif
| 
| #undef dlopen
| 
| /* Override any GCC internal prototype to avoid an error.
|    Use char because int might match the return type of a GCC
|    builtin and then its argument prototype would still apply.  */
| #ifdef __cplusplus
| extern "C"
| #endif
| char dlopen ();
| /* The GNU C library defines this for functions which it implements
|     to always fail with ENOSYS.  Some functions are actually named
|     something starting with __ and the normal name is an alias.  */
| #if defined __stub_dlopen || defined __stub___dlopen
| choke me
| #endif
| 
| int
| main ()
| {
| return dlopen ();
|   ;
|   return 0;
| }
configure:12022: result: no
configure:12027: checking for dlopen in -ldl
configure:12052: gcc -o conftest -g -O2   conftest.c -ldl   >&5
configure:12052: $? = 0
configure:12061: result: yes
configure:12180: checking pthread.h usability
configure:12180: gcc -c -g -O2  conftest.c >&5
configure:12180: $? = 0
configure:12180: result: yes
configure:12180: checking pthread.h presence
configure:12180: gcc -E  conftest.c
configure:12180: $? = 0
configure:12180: result: yes
configure:12180: checking for pthread.h
configure:12180: result: yes
configure:12182: checking for pthread_join in -lpthread
configure:12207: gcc -o conftest -g -O2   conftest.c -lpthread   >&5
configure:12207: $? = 0
configure:12216: result: yes
configure:12726: checking iconv.h usability
configure:12726: gcc -c -g -O2  conftest.c >&5
configure:12726: $? = 0
configure:12726: result: yes
configure:12726: checking iconv.h presence
configure:12726: gcc -E  conftest.c
configure:12726: $? = 0
configure:12726: result: yes
configure:12726: checking for iconv.h
configure:12726: result: yes
configure:12728: checking for iconv
configure:12744: gcc -o conftest -g -O2   conftest.c  >&5
configure:12744: $? = 0
configure:12746: result: yes
configure:12800: checking for iconv declaration
configure:12828: gcc -c -g -O2  conftest.c >&5
configure:12828: $? = 0
configure:12839: result: 
	extern size_t iconv (iconv_t cd,  char * *inbuf, size_t *inbytesleft, char * *outbuf, size_t *outbytesleft);
configure:13140: checking for printf
configure:13140: gcc -o conftest -g -O2   conftest.c  >&5
conftest.c:105:6: warning: conflicting types for built-in function 'printf' [-Wbuiltin-declaration-mismatch]
 char printf ();
      ^~~~~~
configure:13140: $? = 0
configure:13140: result: yes
configure:13140: checking for sprintf
configure:13140: gcc -o conftest -g -O2   conftest.c  >&5
conftest.c:106:6: warning: conflicting types for built-in function 'sprintf' [-Wbuiltin-declaration-mismatch]
 char sprintf ();
      ^~~~~~~
configure:13140: $? = 0
configure:13140: result: yes
configure:13140: checking for fprintf
configure:13140: gcc -o conftest -g -O2   conftest.c  >&5
conftest.c:107:6: warning: conflicting types for built-in function 'fprintf' [-Wbuiltin-declaration-mismatch]
 char fprintf ();
      ^~~~~~~
configure:13140: $? = 0
configure:13140: result: yes
configure:13140: checking for snprintf
configure:13140: gcc -o conftest -g -O2   conftest.c  >&5
conftest.c:108:6: warning: conflicting types for built-in function 'snprintf' [-Wbuiltin-declaration-mismatch]
 char snprintf ();
      ^~~~~~~~
configure:13140: $? = 0
configure:13140: result: yes
configure:13140: checking for vfprintf
configure:13140: gcc -o conftest -g -O2   conftest.c  >&5
conftest.c:109:6: warning: conflicting types for built-in function 'vfprintf' [-Wbuiltin-declaration-mismatch]
 char vfprintf ();
      ^~~~~~~~
configure:13140: $? = 0
configure:13140: result: yes
configure:13140: checking for vsprintf
configure:13140: gcc -o conftest -g -O2   conftest.c  >&5
conftest.c:110:6: warning: conflicting types for built-in function 'vsprintf' [-Wbuiltin-declaration-mismatch]
 char vsprintf ();
      ^~~~~~~~
configure:13140: $? = 0
configure:13140: result: yes
configure:13140: checking for vsnprintf
configure:13140: gcc -o conftest -g -O2   conftest.c  >&5
conftest.c:111:6: warning: conflicting types for built-in function 'vsnprintf' [-Wbuiltin-declaration-mismatch]
 char vsnprintf ();
      ^~~~~~~~~
configure:13140: $? = 0
configure:13140: result: yes
configure:13140: checking for sscanf
configure:13140: gcc -o conftest -g -O2   conftest.c  >&5
conftest.c:112:6: warning: conflicting types for built-in function 'sscanf' [-Wbuiltin-declaration-mismatch]
 char sscanf ();
      ^~~~~~
configure:13140: $? = 0
configure:13140: result: yes
configure:13302: checking that generated files are newer than configure
configure:13308: result: done
configure:13355: creating ./config.status

## ---------------------- ##
## Running config.status. ##
## ---------------------- ##

This file was extended by config.status, which was
generated by GNU Autoconf 2.69.  Invocation command line was

  CONFIG_FILES    = 
  CONFIG_HEADERS  = 
  CONFIG_LINKS    = 
  CONFIG_COMMANDS = 
  $ ./config.status 

on sid-MS-7817

config.status:1295: creating libxml2.spec
config.status:1295: creating Makefile
config.status:1295: creating include/Makefile
config.status:1295: creating include/libxml/Makefile
config.status:1295: creating doc/Makefile
config.status:1295: creating doc/examples/Makefile
config.status:1295: creating doc/devhelp/Makefile
config.status:1295: creating example/Makefile
config.status:1295: creating python/Makefile
config.status:1295: creating python/tests/Makefile
config.status:1295: creating xstc/Makefile
config.status:1295: creating include/libxml/xmlversion.h
config.status:1295: creating libxml-2.0.pc
config.status:1295: creating libxml-2.0-uninstalled.pc
config.status:1295: creating libxml2-config.cmake
config.status:1295: creating python/setup.py
config.status:1295: creating xml2-config
config.status:1295: creating config.h
config.status:1524: executing depfiles commands
config.status:1524: executing libtool commands

## ---------------- ##
## Cache variables. ##
## ---------------- ##

ac_cv_build=x86_64-pc-linux-gnu
ac_cv_c_compiler_gnu=yes
ac_cv_c_uint32_t=yes
ac_cv_env_CC_set=
ac_cv_env_CC_value=
ac_cv_env_CFLAGS_set=
ac_cv_env_CFLAGS_value=
ac_cv_env_CPPFLAGS_set=
ac_cv_env_CPPFLAGS_value=
ac_cv_env_CPP_set=
ac_cv_env_CPP_value=
ac_cv_env_ICU_CFLAGS_set=
ac_cv_env_ICU_CFLAGS_value=
ac_cv_env_ICU_LIBS_set=
ac_cv_env_ICU_LIBS_value=
ac_cv_env_LDFLAGS_set=
ac_cv_env_LDFLAGS_value=
ac_cv_env_LIBS_set=
ac_cv_env_LIBS_value=
ac_cv_env_LT_SYS_LIBRARY_PATH_set=
ac_cv_env_LT_SYS_LIBRARY_PATH_value=
ac_cv_env_LZMA_CFLAGS_set=
ac_cv_env_LZMA_CFLAGS_value=
ac_cv_env_LZMA_LIBS_set=
ac_cv_env_LZMA_LIBS_value=
ac_cv_env_PKG_CONFIG_LIBDIR_set=
ac_cv_env_PKG_CONFIG_LIBDIR_value=
ac_cv_env_PKG_CONFIG_PATH_set=
ac_cv_env_PKG_CONFIG_PATH_value=
ac_cv_env_PKG_CONFIG_set=
ac_cv_env_PKG_CONFIG_value=
ac_cv_env_Z_CFLAGS_set=
ac_cv_env_Z_CFLAGS_value=
ac_cv_env_Z_LIBS_set=
ac_cv_env_Z_LIBS_value=
ac_cv_env_build_alias_set=
ac_cv_env_build_alias_value=
ac_cv_env_host_alias_set=
ac_cv_env_host_alias_value=
ac_cv_env_target_alias_set=
ac_cv_env_target_alias_value=
ac_cv_func_dlopen=no
ac_cv_func_fprintf=yes
ac_cv_func_ftime=yes
ac_cv_func_getaddrinfo=yes
ac_cv_func_gettimeofday=yes
ac_cv_func_isascii=yes
ac_cv_func_isinf=yes
ac_cv_func_isnan=yes
ac_cv_func_localtime=yes
ac_cv_func_mmap=yes
ac_cv_func_munmap=yes
ac_cv_func_printf=yes
ac_cv_func_putenv=yes
ac_cv_func_rand=yes
ac_cv_func_rand_r=yes
ac_cv_func_shl_load=no
ac_cv_func_signal=yes
ac_cv_func_snprintf=yes
ac_cv_func_sprintf=yes
ac_cv_func_srand=yes
ac_cv_func_sscanf=yes
ac_cv_func_stat=yes
ac_cv_func_strftime=yes
ac_cv_func_time=yes
ac_cv_func_vfprintf=yes
ac_cv_func_vsnprintf=yes
ac_cv_func_vsprintf=yes
ac_cv_header_arpa_inet_h=yes
ac_cv_header_arpa_nameser_h=yes
ac_cv_header_ctype_h=yes
ac_cv_header_dirent_dirent_h=yes
ac_cv_header_dirent_h=yes
ac_cv_header_dl_h=no
ac_cv_header_dlfcn_h=yes
ac_cv_header_errno_h=yes
ac_cv_header_fcntl_h=yes
ac_cv_header_float_h=yes
ac_cv_header_iconv_h=yes
ac_cv_header_inttypes_h=yes
ac_cv_header_limits_h=yes
ac_cv_header_lzma_h=no
ac_cv_header_malloc_h=yes
ac_cv_header_math_h=yes
ac_cv_header_memory_h=yes
ac_cv_header_netdb_h=yes
ac_cv_header_netinet_in_h=yes
ac_cv_header_poll_h=yes
ac_cv_header_pthread_h=yes
ac_cv_header_resolv_h=yes
ac_cv_header_signal_h=yes
ac_cv_header_stdarg_h=yes
ac_cv_header_stdc=yes
ac_cv_header_stdint_h=yes
ac_cv_header_stdlib_h=yes
ac_cv_header_string_h=yes
ac_cv_header_strings_h=yes
ac_cv_header_sys_mman_h=yes
ac_cv_header_sys_select_h=yes
ac_cv_header_sys_socket_h=yes
ac_cv_header_sys_stat_h=yes
ac_cv_header_sys_time_h=yes
ac_cv_header_sys_timeb_h=yes
ac_cv_header_sys_types_h=yes
ac_cv_header_time_h=yes
ac_cv_header_unistd_h=yes
ac_cv_header_zlib_h=no
ac_cv_host=x86_64-pc-linux-gnu
ac_cv_lib_dl_dlopen=yes
ac_cv_lib_dld_shl_load=no
ac_cv_lib_pthread_pthread_join=yes
ac_cv_objext=o
ac_cv_path_EGREP='/usr/bin/grep -E'
ac_cv_path_FGREP='/usr/bin/grep -F'
ac_cv_path_GREP=/usr/bin/grep
ac_cv_path_MV=/usr/bin/mv
ac_cv_path_PERL=/usr/bin/perl
ac_cv_path_SED=/usr/bin/sed
ac_cv_path_TAR=/usr/bin/tar
ac_cv_path_WGET=/usr/bin/wget
ac_cv_path_XMLLINT=/usr/bin/xmllint
ac_cv_path_XSLTPROC=/usr/bin/xsltproc
ac_cv_path_install='/usr/bin/install -c'
ac_cv_path_lt_DD=/usr/bin/dd
ac_cv_path_mkdir=/usr/bin/mkdir
ac_cv_prog_AWK=mawk
ac_cv_prog_CPP='gcc -E'
ac_cv_prog_ac_ct_AR=ar
ac_cv_prog_ac_ct_CC=gcc
ac_cv_prog_ac_ct_MANIFEST_TOOL=mt
ac_cv_prog_ac_ct_OBJDUMP=objdump
ac_cv_prog_ac_ct_RANLIB=ranlib
ac_cv_prog_ac_ct_STRIP=strip
ac_cv_prog_cc_c89=
ac_cv_prog_cc_g=yes
ac_cv_prog_make_make_set=yes
ac_cv_search_connect='none required'
ac_cv_search_gethostent='none required'
ac_cv_search_opendir='none required'
ac_cv_search_setsockopt='none required'
am_cv_CC_dependencies_compiler_type=gcc3
am_cv_make_support_nested_variables=yes
am_cv_prog_cc_c_o=yes
lt_cv_ar_at_file=@
lt_cv_archive_cmds_need_lc=no
lt_cv_deplibs_check_method=pass_all
lt_cv_file_magic_cmd='$MAGIC_CMD'
lt_cv_file_magic_test_file=
lt_cv_ld_reload_flag=-r
lt_cv_nm_interface='BSD nm'
lt_cv_objdir=.libs
lt_cv_path_LD=/usr/bin/ld
lt_cv_path_NM='/usr/bin/nm -B'
lt_cv_path_mainfest_tool=no
lt_cv_prog_compiler_c_o=yes
lt_cv_prog_compiler_pic='-fPIC -DPIC'
lt_cv_prog_compiler_pic_works=yes
lt_cv_prog_compiler_rtti_exceptions=no
lt_cv_prog_compiler_static_works=yes
lt_cv_prog_gnu_ld=yes
lt_cv_sharedlib_from_linklib_cmd='printf %s\n'
lt_cv_shlibpath_overrides_runpath=yes
lt_cv_sys_global_symbol_pipe='sed -n -e '\''s/^.*[	 ]\([ABCDGIRSTW][ABCDGIRSTW]*\)[	 ][	 ]*\([_A-Za-z][_A-Za-z0-9]*\)$/\1 \2 \2/p'\'' | sed '\''/ __gnu_lto/d'\'''
lt_cv_sys_global_symbol_to_c_name_address='sed -n -e '\''s/^: \(.*\) .*$/  {"\1", (void *) 0},/p'\'' -e '\''s/^[ABCDGIRSTW][ABCDGIRSTW]* .* \(.*\)$/  {"\1", (void *) \&\1},/p'\'''
lt_cv_sys_global_symbol_to_c_name_address_lib_prefix='sed -n -e '\''s/^: \(.*\) .*$/  {"\1", (void *) 0},/p'\'' -e '\''s/^[ABCDGIRSTW][ABCDGIRSTW]* .* \(lib.*\)$/  {"\1", (void *) \&\1},/p'\'' -e '\''s/^[ABCDGIRSTW][ABCDGIRSTW]* .* \(.*\)$/  {"lib\1", (void *) \&\1},/p'\'''
lt_cv_sys_global_symbol_to_cdecl='sed -n -e '\''s/^T .* \(.*\)$/extern int \1();/p'\'' -e '\''s/^[ABCDGIRSTW][ABCDGIRSTW]* .* \(.*\)$/extern char \1;/p'\'''
lt_cv_sys_global_symbol_to_import=
lt_cv_sys_max_cmd_len=1572864
lt_cv_to_host_file_cmd=func_convert_file_noop
lt_cv_to_tool_file_cmd=func_convert_file_noop
lt_cv_truncate_bin='/usr/bin/dd bs=4096 count=1'
xml_cv_iconv_arg2=
xml_cv_iconv_decl='extern size_t iconv (iconv_t cd,  char * *inbuf, size_t *inbytesleft, char * *outbuf, size_t *outbytesleft);'

## ----------------- ##
## Output variables. ##
## ----------------- ##

ACLOCAL='${SHELL} /home/sid/Downloads/libxml2-2.9.9/missing aclocal-1.15'
AMDEPBACKSLASH='\'
AMDEP_FALSE='#'
AMDEP_TRUE=''
AMTAR='$${TAR-tar}'
AM_BACKSLASH='\'
AM_DEFAULT_V='$(AM_DEFAULT_VERBOSITY)'
AM_DEFAULT_VERBOSITY='0'
AM_V='$(V)'
AR='ar'
AUTOCONF='${SHELL} /home/sid/Downloads/libxml2-2.9.9/missing autoconf'
AUTOHEADER='${SHELL} /home/sid/Downloads/libxml2-2.9.9/missing autoheader'
AUTOMAKE='${SHELL} /home/sid/Downloads/libxml2-2.9.9/missing automake-1.15'
AWK='mawk'
BASE_THREAD_LIBS='-lpthread'
C14N_OBJ='c14n.c'
CATALOG_OBJ='catalog.o'
CC='gcc'
CCDEPMODE='depmode=gcc3'
CFLAGS='-g -O2'
CPP='gcc -E'
CPPFLAGS=''
CYGPATH_W='echo'
CYGWIN_EXTRA_LDFLAGS=''
CYGWIN_EXTRA_PYTHON_LIBADD=''
DEBUG_OBJ='debugXML.o'
DEFS='-DHAVE_CONFIG_H'
DEPDIR='.deps'
DLLTOOL='false'
DOCB_OBJ='DOCBparser.o'
DSYMUTIL=''
DUMPBIN=''
ECHO_C=''
ECHO_N='-n'
ECHO_T=''
EGREP='/usr/bin/grep -E'
EXEEXT=''
EXTRA_CFLAGS=' -pedantic -Wall -Wextra -Wshadow -Wpointer-arith -Wcast-align -Wwrite-strings -Waggregate-return -Wstrict-prototypes -Wmissing-prototypes -Wnested-externs -Winline -Wredundant-decls -Wno-long-long -Wno-format-extra-args -Wno-array-bounds'
FGREP='/usr/bin/grep -F'
FTP_OBJ='nanoftp.o'
GREP='/usr/bin/grep'
HAVE_ISINF=''
HAVE_ISNAN=''
HTML_DIR='$(datadir)/doc/$(PACKAGE)-$(VERSION)/html'
HTML_OBJ='HTMLparser.o HTMLtree.o'
HTTP_OBJ='nanohttp.o'
ICONV_LIBS=''
ICU_CFLAGS=''
ICU_LIBS=''
INSTALL_DATA='${INSTALL} -m 644'
INSTALL_PROGRAM='${INSTALL}'
INSTALL_SCRIPT='${INSTALL}'
INSTALL_STRIP_PROGRAM='$(install_sh) -c -s'
LD='/usr/bin/ld -m elf_x86_64'
LDFLAGS=''
LIBOBJS=''
LIBS=''
LIBTOOL='$(SHELL) $(top_builddir)/libtool'
LIBXML_MAJOR_VERSION='2'
LIBXML_MICRO_VERSION='9'
LIBXML_MINOR_VERSION='9'
LIBXML_VERSION='2.9.9'
LIBXML_VERSION_EXTRA=''
LIBXML_VERSION_INFO='11:9:9'
LIBXML_VERSION_NUMBER='20909'
LIPO=''
LN_S='ln -s'
LTLIBOBJS=''
LT_SYS_LIBRARY_PATH=''
LZMA_CFLAGS=''
LZMA_LIBS=''
MAINT=''
MAINTAINER_MODE_FALSE='#'
MAINTAINER_MODE_TRUE=''
MAKEINFO='${SHELL} /home/sid/Downloads/libxml2-2.9.9/missing makeinfo'
MANIFEST_TOOL=':'
MKDIR_P='/usr/bin/mkdir -p'
MODULE_EXTENSION='.so'
MODULE_PLATFORM_LIBS='-ldl'
MV='/usr/bin/mv'
M_LIBS='-lm'
NM='/usr/bin/nm -B'
NMEDIT=''
OBJDUMP='objdump'
OBJEXT='o'
OTOOL64=''
OTOOL=''
PACKAGE='libxml2'
PACKAGE_BUGREPORT=''
PACKAGE_NAME=''
PACKAGE_STRING=''
PACKAGE_TARNAME=''
PACKAGE_URL=''
PACKAGE_VERSION=''
PATH_SEPARATOR=':'
PERL='/usr/bin/perl'
PKG_CONFIG=''
PKG_CONFIG_LIBDIR=''
PKG_CONFIG_PATH=''
PYTHON='/bin/python'
PYTHON_INCLUDES='/usr/include/python2.7'
PYTHON_LIBS=''
PYTHON_SITE_PACKAGES='/usr/lib/python2.7/dist-packages'
PYTHON_SUBDIR='python'
PYTHON_TESTS=' RelaxNGPythonTests SchemasPythonTests'
PYTHON_VERSION='2.7'
RANLIB='ranlib'
RDL_LIBS=''
READER_TEST='Readertests'
REBUILD_DOCS_FALSE=''
REBUILD_DOCS_TRUE='#'
RELDATE='Sat Jul 20 2019'
SED='/usr/bin/sed'
SET_MAKE=''
SHELL='/bin/bash'
STATIC_BINARIES=''
STRIP='strip'
TAR='/usr/bin/tar'
TEST_C14N='C14Ntests'
TEST_CATALOG='Catatests'
TEST_DEBUG='Scripttests'
TEST_HTML='HTMLtests'
TEST_MODULES='ModuleTests'
TEST_PATTERN='Patterntests'
TEST_PHTML='HTMLPushtests'
TEST_PUSH='XMLPushtests'
TEST_REGEXPS='Regexptests Automatatests'
TEST_SAX='SAXtests'
TEST_SCHEMAS='Schemastests Relaxtests'
TEST_SCHEMATRON='Schematrontests'
TEST_THREADS='Threadtests'
TEST_VALID='Validtests'
TEST_VTIME='VTimingtests'
TEST_XINCLUDE='XIncludetests'
TEST_XPATH='XPathtests'
TEST_XPTR='XPtrtests'
THREADS_W32_FALSE=''
THREADS_W32_TRUE='#'
THREAD_CFLAGS=' -D_REENTRANT'
THREAD_LIBS=''
USE_VERSION_SCRIPT_FALSE='#'
USE_VERSION_SCRIPT_TRUE=''
VERSION='2.9.9'
VERSION_SCRIPT_FLAGS='-Wl,--version-script='
WGET='/usr/bin/wget'
WIN32_EXTRA_LDFLAGS=''
WIN32_EXTRA_LIBADD=''
WIN32_EXTRA_PYTHON_LIBADD=''
WITH_C14N='1'
WITH_CATALOG='1'
WITH_DEBUG='1'
WITH_DOCB='1'
WITH_FTP='1'
WITH_HTML='1'
WITH_HTTP='1'
WITH_ICONV='1'
WITH_ICU='0'
WITH_ISO8859X='1'
WITH_LEGACY='1'
WITH_LZMA='0'
WITH_MEM_DEBUG='0'
WITH_MODULES='1'
WITH_OUTPUT='1'
WITH_PATTERN='1'
WITH_PUSH='1'
WITH_PYTHON_FALSE='#'
WITH_PYTHON_TRUE=''
WITH_READER='1'
WITH_REGEXPS='1'
WITH_RUN_DEBUG='0'
WITH_SAX1='1'
WITH_SAX1_SOURCES_FALSE=''
WITH_SAX1_SOURCES_TRUE='#'
WITH_SCHEMAS='1'
WITH_SCHEMATRON='1'
WITH_THREADS='1'
WITH_THREAD_ALLOC='0'
WITH_TREE='1'
WITH_TRIO='0'
WITH_TRIO_SOURCES_FALSE=''
WITH_TRIO_SOURCES_TRUE='#'
WITH_VALID='1'
WITH_WRITER='1'
WITH_XINCLUDE='1'
WITH_XPATH='1'
WITH_XPTR='1'
WITH_ZLIB='0'
XINCLUDE_OBJ='xinclude.o'
XMLLINT='/usr/bin/xmllint'
XML_CFLAGS=''
XML_INCLUDEDIR='-I${includedir}/libxml2'
XML_LIBDIR='-L${libdir}'
XML_LIBS='-lxml2      -lm '
XML_LIBTOOLLIBS='libxml2.la'
XPATH_OBJ='xpath.o'
XPTR_OBJ='xpointer.o'
XSLTPROC='/usr/bin/xsltproc'
Z_CFLAGS=''
Z_LIBS=''
ac_ct_AR='ar'
ac_ct_CC='gcc'
ac_ct_DUMPBIN=''
am__EXEEXT_FALSE=''
am__EXEEXT_TRUE='#'
am__fastdepCC_FALSE='#'
am__fastdepCC_TRUE=''
am__include='include'
am__isrc=''
am__leading_dot='.'
am__nodep='_no'
am__quote=''
am__tar='$${TAR-tar} chof - "$$tardir"'
am__untar='$${TAR-tar} xf -'
bindir='${exec_prefix}/bin'
build='x86_64-pc-linux-gnu'
build_alias=''
build_cpu='x86_64'
build_os='linux-gnu'
build_vendor='pc'
datadir='${datarootdir}'
datarootdir='${prefix}/share'
docdir='${datarootdir}/doc/${PACKAGE}'
dvidir='${docdir}'
exec_prefix='${prefix}'
host='x86_64-pc-linux-gnu'
host_alias=''
host_cpu='x86_64'
host_os='linux-gnu'
host_vendor='pc'
htmldir='${docdir}'
includedir='${prefix}/include'
infodir='${datarootdir}/info'
install_sh='${SHELL} /home/sid/Downloads/libxml2-2.9.9/install-sh'
libdir='${exec_prefix}/lib'
libexecdir='${exec_prefix}/libexec'
localedir='${datarootdir}/locale'
localstatedir='${prefix}/var'
mandir='${datarootdir}/man'
mkdir_p='$(MKDIR_P)'
oldincludedir='/usr/include'
pdfdir='${docdir}'
prefix='/usr/local'
program_transform_name='s,x,x,'
psdir='${docdir}'
pythondir='$(PYTHON_SITE_PACKAGES)'
sbindir='${exec_prefix}/sbin'
sharedstatedir='${prefix}/com'
sysconfdir='${prefix}/etc'
target_alias=''

## ----------- ##
## confdefs.h. ##
## ----------- ##

/* confdefs.h */
#define PACKAGE_NAME ""
#define PACKAGE_TARNAME ""
#define PACKAGE_VERSION ""
#define PACKAGE_STRING ""
#define PACKAGE_BUGREPORT ""
#define PACKAGE_URL ""
#define PACKAGE "libxml2"
#define VERSION "2.9.9"
#define STDC_HEADERS 1
#define HAVE_SYS_TYPES_H 1
#define HAVE_SYS_STAT_H 1
#define HAVE_STDLIB_H 1
#define HAVE_STRING_H 1
#define HAVE_MEMORY_H 1
#define HAVE_STRINGS_H 1
#define HAVE_INTTYPES_H 1
#define HAVE_STDINT_H 1
#define HAVE_UNISTD_H 1
#define HAVE_DLFCN_H 1
#define LT_OBJDIR ".libs/"
#define HAVE_DIRENT_H 1
#define STDC_HEADERS 1
#define HAVE_FCNTL_H 1
#define HAVE_UNISTD_H 1
#define HAVE_CTYPE_H 1
#define HAVE_DIRENT_H 1
#define HAVE_ERRNO_H 1
#define HAVE_MALLOC_H 1
#define HAVE_STDARG_H 1
#define HAVE_SYS_STAT_H 1
#define HAVE_SYS_TYPES_H 1
#define HAVE_STDINT_H 1
#define HAVE_INTTYPES_H 1
#define HAVE_TIME_H 1
#define HAVE_MATH_H 1
#define HAVE_LIMITS_H 1
#define HAVE_FLOAT_H 1
#define HAVE_STDLIB_H 1
#define HAVE_SYS_SOCKET_H 1
#define HAVE_NETINET_IN_H 1
#define HAVE_ARPA_INET_H 1
#define HAVE_NETDB_H 1
#define HAVE_SYS_TIME_H 1
#define HAVE_SYS_SELECT_H 1
#define HAVE_POLL_H 1
#define HAVE_SYS_MMAN_H 1
#define HAVE_SYS_TIMEB_H 1
#define HAVE_SIGNAL_H 1
#define HAVE_ARPA_NAMESER_H 1
#define HAVE_RESOLV_H 1
#define HAVE_DLFCN_H 1
#define HAVE_STRFTIME 1
#define HAVE_STRFTIME 1
#define HAVE_LOCALTIME 1
#define HAVE_GETTIMEOFDAY 1
#define HAVE_FTIME 1
#define HAVE_STAT 1
#define HAVE_SIGNAL 1
#define HAVE_RAND 1
#define HAVE_RAND_R 1
#define HAVE_SRAND 1
#define HAVE_TIME 1
#define HAVE_ISASCII 1
#define HAVE_MMAP 1
#define HAVE_MUNMAP 1
#define HAVE_PUTENV 1
#define HAVE_VA_COPY 1
#define VA_LIST_IS_ARRAY 1
#define XML_SOCKLEN_T socklen_t
#define GETHOSTBYNAME_ARG_CAST /**/
#define SEND_ARG2_CAST /**/
#define SUPPORT_IP6 /**/
#define HAVE_GETADDRINFO /**/
#define HAVE_ISNAN /**/
#define HAVE_ISINF /**/
#define HAVE_DLOPEN /**/
#define HAVE_LIBPTHREAD /**/
#define HAVE_PTHREAD_H /**/
#define ICONV_CONST 
#define HAVE_PRINTF 1
#define HAVE_SPRINTF 1
#define HAVE_FPRINTF 1
#define HAVE_SNPRINTF 1
#define HAVE_VFPRINTF 1
#define HAVE_VSPRINTF 1
#define HAVE_VSNPRINTF 1
#define HAVE_SSCANF 1

configure: exit 0
